2026-05-25 01:55:37 [background-preinit] INFO  o.h.validator.internal.util.Version - HV000001: Hibernate Validator 9.0.1.Final
2026-05-25 01:55:37 [virtual-40] INFO  o.s.boot.SpringApplication - Starting application using Java 25.0.3 with PID 154290 (started by wtalvaro in /home/wtalvaro/Downloads/Container/dev-fedora/Projetos/Code/Git/PoderFinanceiro-Consultoria)
2026-05-25 01:55:37 [virtual-40] INFO  o.s.boot.SpringApplication - No active profile set, falling back to 1 default profile: "default"
2026-05-25 01:55:40 [virtual-40] INFO  o.s.d.r.c.RepositoryConfigurationDelegate - Bootstrapping Spring Data JPA repositories in DEFAULT mode.
2026-05-25 01:55:41 [virtual-40] INFO  o.s.d.r.c.RepositoryConfigurationDelegate - Finished Spring Data repository scanning in 288 ms. Found 11 JPA repository interfaces.
2026-05-25 01:55:43 [virtual-40] INFO  org.hibernate.orm.jpa - HHH008540: Processing PersistenceUnitInfo [name: default]
2026-05-25 01:55:43 [virtual-40] INFO  org.hibernate.orm.core - HHH000001: Hibernate ORM core version 7.2.12.Final
2026-05-25 01:55:44 [virtual-40] INFO  o.s.o.j.p.SpringPersistenceUnitInfo - No LoadTimeWeaver setup: ignoring JPA class transformer
2026-05-25 01:55:44 [virtual-40] INFO  com.zaxxer.hikari.HikariDataSource - HikariPool-1 - Starting...
2026-05-25 01:55:44 [virtual-40] INFO  com.zaxxer.hikari.pool.HikariPool - HikariPool-1 - Added connection org.postgresql.jdbc.PgConnection@5087b8e2
2026-05-25 01:55:44 [virtual-40] INFO  com.zaxxer.hikari.HikariDataSource - HikariPool-1 - Start completed.
2026-05-25 01:55:44 [virtual-40] WARN  org.hibernate.orm.deprecation - HHH90000025: PostgreSQLDialect does not need to be specified explicitly using 'hibernate.dialect' (remove the property setting and it will be selected by default)
2026-05-25 01:55:44 [virtual-40] INFO  o.hibernate.orm.connections.pooling - HHH10001005: Database info:
	Database JDBC URL [jdbc:postgresql://localhost:5432/poder_financeiro_db]
	Database driver: PostgreSQL JDBC Driver
	Database dialect: PostgreSQLDialect
	Database version: 18.3
	Default catalog/schema: poder_financeiro_db/public
	Autocommit mode: undefined/unknown
	Isolation level: READ_COMMITTED [default READ_COMMITTED]
	JDBC fetch size: none
	Pool: DataSourceConnectionProvider
	Minimum pool size: undefined/unknown
	Maximum pool size: undefined/unknown
2026-05-25 01:55:47 [virtual-40] INFO  org.hibernate.orm.core - HHH000489: No JTA platform available (set 'hibernate.transaction.jta.platform' to enable JTA platform integration)
2026-05-25 01:55:47 [virtual-40] INFO  o.s.o.j.LocalContainerEntityManagerFactoryBean - Initialized JPA EntityManagerFactory for persistence unit 'default'
2026-05-25 01:55:47 [virtual-40] INFO  o.s.d.j.r.q.QueryEnhancerFactories - Hibernate is in classpath; If applicable, HQL parser will be used.
2026-05-25 01:55:51 [virtual-40] INFO  b.c.p.a.d.service.PlaybookService - Sinais vitais do Playbook carregados com sucesso a partir de: /home/wtalvaro/Downloads/Container/dev-fedora/.local/share/PoderFinanceiro/playbook_scripts.json
2026-05-25 01:55:52 [virtual-40] INFO  o.s.boot.SpringApplication - Started application in 17.077 seconds (process running for 20.913)
2026-05-25 01:55:53 [JavaFX Application Thread] INFO  b.c.p.a.c.StatusBarController - StatusBarController carregado com sucesso!
2026-05-25 01:58:09 [JavaFX Application Thread] INFO  o.s.o.j.LocalContainerEntityManagerFactoryBean - Closing JPA EntityManagerFactory for persistence unit 'default'
2026-05-25 01:58:09 [JavaFX Application Thread] INFO  com.zaxxer.hikari.HikariDataSource - HikariPool-1 - Shutdown initiated...
2026-05-25 01:58:09 [JavaFX Application Thread] INFO  com.zaxxer.hikari.HikariDataSource - HikariPool-1 - Shutdown completed.
